<?xml version="1.0" encoding="UTF-8"?>
<!-- Generated by org.testng.reporters.JUnitReportReporter -->
<testsuite hostname="PRASANTH" failures="0" tests="1" name="Test_cases.Flight_info_TC" time="1.474" errors="0" timestamp="2025-01-27T18:16:39 IST" skipped="0">
  <testcase classname="Test_cases.Flight_info_TC" name="Flight_TC" time="1.474"/>
</testsuite> <!-- Test_cases.Flight_info_TC -->
