<?xml version="1.0" encoding="UTF-8"?>
<!-- Generated by org.testng.reporters.JUnitReportReporter -->
<testsuite hostname="PRASANTH" failures="0" tests="1" name="TestScript.Base_TestNG" time="0.687" errors="0" timestamp="2025-01-25T09:17:47 IST" skipped="0">
  <testcase classname="TestScript.Base_TestNG" name="test_case" time="0.687"/>
</testsuite> <!-- TestScript.Base_TestNG -->
