<?xml version="1.0" encoding="UTF-8"?>
<!-- Generated by org.testng.reporters.JUnitReportReporter -->
<testsuite hostname="PRASANTH" failures="0" tests="1" name="TestScript.Base" time="3.873" errors="0" timestamp="2024-12-31T12:40:28 IST" skipped="0">
  <testcase classname="TestScript.Base" name="launch" time="3.873"/>
</testsuite> <!-- TestScript.Base -->
