<?xml version="1.0" encoding="UTF-8"?>
<!-- Generated by org.testng.reporters.JUnitReportReporter -->
<testsuite hostname="PRASANTH" failures="0" tests="1" name="Test_cases.Flight_TC" time="1.312" errors="0" timestamp="2025-01-26T22:55:37 IST" skipped="0">
  <testcase classname="Test_cases.Flight_TC" name="Flight_TC" time="1.312"/>
</testsuite> <!-- Test_cases.Flight_TC -->
