<?xml version="1.0" encoding="UTF-8"?>
<!-- Generated by org.testng.reporters.JUnitReportReporter -->
<testsuite hostname="PRASANTH" failures="0" tests="1" name="TestScript.Excel_sheet" time="1.717" errors="0" timestamp="2025-01-07T04:09:24 IST" skipped="0">
  <testcase classname="TestScript.Excel_sheet" name="test" time="1.717"/>
</testsuite> <!-- TestScript.Excel_sheet -->
